  [1m[35m (1.8ms)[0m  [1m[34mSELECT sqlite_version(*)[0m
  [1m[35m (105.8ms)[0m  [1m[35mCREATE TABLE "schema_migrations" ("version" varchar NOT NULL PRIMARY KEY)[0m
  [1m[35m (142.8ms)[0m  [1m[35mCREATE TABLE "ar_internal_metadata" ("key" varchar NOT NULL PRIMARY KEY, "value" varchar, "created_at" datetime(6) NOT NULL, "updated_at" datetime(6) NOT NULL)[0m
  [1m[35m (0.2ms)[0m  [1m[34mSELECT "schema_migrations"."version" FROM "schema_migrations" ORDER BY "schema_migrations"."version" ASC[0m
Migrating to CreateSchols (20221129041744)
  [1m[35m (0.1ms)[0m  [1m[36mbegin transaction[0m
  [1m[35m (0.4ms)[0m  [1m[35mCREATE TABLE "schols" ("id" integer PRIMARY KEY AUTOINCREMENT NOT NULL, "name" varchar, "age" integer, "phone" integer, "email" varchar, "address" varchar, "created_at" datetime(6) NOT NULL, "updated_at" datetime(6) NOT NULL)[0m
  [1m[36mActiveRecord::SchemaMigration Create (0.3ms)[0m  [1m[32mINSERT INTO "schema_migrations" ("version") VALUES (?)[0m  [["version", "20221129041744"]]
  [1m[35m (105.9ms)[0m  [1m[36mcommit transaction[0m
Migrating to CreateMrks (20221129041900)
  [1m[35m (0.1ms)[0m  [1m[36mbegin transaction[0m
  [1m[35m (0.4ms)[0m  [1m[35mCREATE TABLE "mrks" ("id" integer PRIMARY KEY AUTOINCREMENT NOT NULL, "m1" integer, "m2" integer, "m3" integer, "m4" integer, "m5" integer, "total" integer, "percent" integer, "rank" integer, "schol_id" integer NOT NULL, "created_at" datetime(6) NOT NULL, "updated_at" datetime(6) NOT NULL, CONSTRAINT "fk_rails_823df60eae"
FOREIGN KEY ("schol_id")
  REFERENCES "schols" ("id")
)[0m
  [1m[35m (0.2ms)[0m  [1m[35mCREATE  INDEX "index_mrks_on_schol_id" ON "mrks" ("schol_id")[0m
  [1m[36mActiveRecord::SchemaMigration Create (0.5ms)[0m  [1m[32mINSERT INTO "schema_migrations" ("version") VALUES (?)[0m  [["version", "20221129041900"]]
  [1m[35m (108.0ms)[0m  [1m[36mcommit transaction[0m
  [1m[36mActiveRecord::InternalMetadata Load (0.3ms)[0m  [1m[34mSELECT "ar_internal_metadata".* FROM "ar_internal_metadata" WHERE "ar_internal_metadata"."key" = ? LIMIT ?[0m  [["key", "environment"], ["LIMIT", 1]]
  [1m[35m (0.1ms)[0m  [1m[36mbegin transaction[0m
  [1m[36mActiveRecord::InternalMetadata Create (0.8ms)[0m  [1m[32mINSERT INTO "ar_internal_metadata" ("key", "value", "created_at", "updated_at") VALUES (?, ?, ?, ?)[0m  [["key", "environment"], ["value", "development"], ["created_at", "2022-11-29 04:19:24.464993"], ["updated_at", "2022-11-29 04:19:24.464993"]]
  [1m[35m (70.9ms)[0m  [1m[36mcommit transaction[0m
  [1m[35m (0.2ms)[0m  [1m[34mSELECT sqlite_version(*)[0m
  [1m[35m (0.3ms)[0m  [1m[34mSELECT "schema_migrations"."version" FROM "schema_migrations" ORDER BY "schema_migrations"."version" ASC[0m
Started GET "/schols" for ::1 at 2022-11-29 09:49:40 +0530
  [1m[35m (0.5ms)[0m  [1m[34mSELECT sqlite_version(*)[0m
  [1m[35m (0.2ms)[0m  [1m[34mSELECT "schema_migrations"."version" FROM "schema_migrations" ORDER BY "schema_migrations"."version" ASC[0m
Processing by ScholsController#index as HTML
  Rendering schols/index.html.erb within layouts/application
  [1m[36mSchol Load (0.6ms)[0m  [1m[34mSELECT "schols".* FROM "schols"[0m
  ↳ app/views/schols/index.html.erb:18
  Rendered schols/index.html.erb within layouts/application (Duration: 5.4ms | Allocations: 1880)
[Webpacker] Compiling...
[Webpacker] Compiled all packs in /home/bhanushankar/Documents/assign_rails/schol_mrk/public/packs
[Webpacker] Though the "loose" option was set to "false" in your @babel/preset-env config, it will not be used for @babel/plugin-proposal-private-property-in-object since the "loose" mode option was set to "true" for @babel/plugin-proposal-class-properties.
The "loose" option must be the same for @babel/plugin-proposal-class-properties, @babel/plugin-proposal-private-methods and @babel/plugin-proposal-private-property-in-object (when they are enabled): you can silence this warning by explicitly adding
	["@babel/plugin-proposal-private-property-in-object", { "loose": true }]
to the "plugins" section of your Babel config.
Though the "loose" option was set to "false" in your @babel/preset-env config, it will not be used for @babel/plugin-proposal-private-methods since the "loose" mode option was set to "true" for @babel/plugin-proposal-private-property-in-object.
The "loose" option must be the same for @babel/plugin-proposal-class-properties, @babel/plugin-proposal-private-methods and @babel/plugin-proposal-private-property-in-object (when they are enabled): you can silence this warning by explicitly adding
	["@babel/plugin-proposal-private-methods", { "loose": true }]
to the "plugins" section of your Babel config.
Though the "loose" option was set to "false" in your @babel/preset-env config, it will not be used for @babel/plugin-proposal-private-property-in-object since the "loose" mode option was set to "true" for @babel/plugin-proposal-class-properties.
The "loose" option must be the same for @babel/plugin-proposal-class-properties, @babel/plugin-proposal-private-methods and @babel/plugin-proposal-private-property-in-object (when they are enabled): you can silence this warning by explicitly adding
	["@babel/plugin-proposal-private-property-in-object", { "loose": true }]
to the "plugins" section of your Babel config.
Though the "loose" option was set to "false" in your @babel/preset-env config, it will not be used for @babel/plugin-proposal-private-methods since the "loose" mode option was set to "true" for @babel/plugin-proposal-private-property-in-object.
The "loose" option must be the same for @babel/plugin-proposal-class-properties, @babel/plugin-proposal-private-methods and @babel/plugin-proposal-private-property-in-object (when they are enabled): you can silence this warning by explicitly adding
	["@babel/plugin-proposal-private-methods", { "loose": true }]
to the "plugins" section of your Babel config.
Though the "loose" option was set to "false" in your @babel/preset-env config, it will not be used for @babel/plugin-proposal-private-property-in-object since the "loose" mode option was set to "true" for @babel/plugin-proposal-class-properties.
The "loose" option must be the same for @babel/plugin-proposal-class-properties, @babel/plugin-proposal-private-methods and @babel/plugin-proposal-private-property-in-object (when they are enabled): you can silence this warning by explicitly adding
	["@babel/plugin-proposal-private-property-in-object", { "loose": true }]
to the "plugins" section of your Babel config.
Though the "loose" option was set to "false" in your @babel/preset-env config, it will not be used for @babel/plugin-proposal-private-methods since the "loose" mode option was set to "true" for @babel/plugin-proposal-private-property-in-object.
The "loose" option must be the same for @babel/plugin-proposal-class-properties, @babel/plugin-proposal-private-methods and @babel/plugin-proposal-private-property-in-object (when they are enabled): you can silence this warning by explicitly adding
	["@babel/plugin-proposal-private-methods", { "loose": true }]
to the "plugins" section of your Babel config.
Though the "loose" option was set to "false" in your @babel/preset-env config, it will not be used for @babel/plugin-proposal-private-property-in-object since the "loose" mode option was set to "true" for @babel/plugin-proposal-class-properties.
The "loose" option must be the same for @babel/plugin-proposal-class-properties, @babel/plugin-proposal-private-methods and @babel/plugin-proposal-private-property-in-object (when they are enabled): you can silence this warning by explicitly adding
	["@babel/plugin-proposal-private-property-in-object", { "loose": true }]
to the "plugins" section of your Babel config.
Though the "loose" option was set to "false" in your @babel/preset-env config, it will not be used for @babel/plugin-proposal-private-methods since the "loose" mode option was set to "true" for @babel/plugin-proposal-private-property-in-object.
The "loose" option must be the same for @babel/plugin-proposal-class-properties, @babel/plugin-proposal-private-methods and @babel/plugin-proposal-private-property-in-object (when they are enabled): you can silence this warning by explicitly adding
	["@babel/plugin-proposal-private-methods", { "loose": true }]
to the "plugins" section of your Babel config.
Though the "loose" option was set to "false" in your @babel/preset-env config, it will not be used for @babel/plugin-proposal-private-property-in-object since the "loose" mode option was set to "true" for @babel/plugin-proposal-class-properties.
The "loose" option must be the same for @babel/plugin-proposal-class-properties, @babel/plugin-proposal-private-methods and @babel/plugin-proposal-private-property-in-object (when they are enabled): you can silence this warning by explicitly adding
	["@babel/plugin-proposal-private-property-in-object", { "loose": true }]
to the "plugins" section of your Babel config.
Though the "loose" option was set to "false" in your @babel/preset-env config, it will not be used for @babel/plugin-proposal-private-methods since the "loose" mode option was set to "true" for @babel/plugin-proposal-private-property-in-object.
The "loose" option must be the same for @babel/plugin-proposal-class-properties, @babel/plugin-proposal-private-methods and @babel/plugin-proposal-private-property-in-object (when they are enabled): you can silence this warning by explicitly adding
	["@babel/plugin-proposal-private-methods", { "loose": true }]
to the "plugins" section of your Babel config.

[Webpacker] Hash: 666b4b17c239d77fe3e2
Version: webpack 4.46.0
Time: 1714ms
Built at: 29/11/2022 9:49:43 am
                                     Asset       Size       Chunks                         Chunk Names
    js/application-82550c4e3b8b39cde23f.js    120 KiB  application  [emitted] [immutable]  application
js/application-82550c4e3b8b39cde23f.js.map    133 KiB  application  [emitted] [dev]        application
                             manifest.json  364 bytes               [emitted]              
Entrypoint application = js/application-82550c4e3b8b39cde23f.js js/application-82550c4e3b8b39cde23f.js.map
[./app/javascript/channels sync recursive _channel\.js$] ./app/javascript/channels sync _channel\.js$ 160 bytes {application} [built]
[./app/javascript/channels/index.js] 211 bytes {application} [built]
[./app/javascript/packs/application.js] 748 bytes {application} [built]
    + 3 hidden modules

Completed 200 OK in 3300ms (Views: 3278.7ms | ActiveRecord: 1.0ms | Allocations: 30654)


Started GET "/mrk" for ::1 at 2022-11-29 09:50:10 +0530
  
ActionController::RoutingError (No route matches [GET] "/mrk"):
  
actionpack (6.0.6) lib/action_dispatch/middleware/debug_exceptions.rb:36:in `call'
web-console (4.2.0) lib/web_console/middleware.rb:132:in `call_app'
web-console (4.2.0) lib/web_console/middleware.rb:28:in `block in call'
web-console (4.2.0) lib/web_console/middleware.rb:17:in `catch'
web-console (4.2.0) lib/web_console/middleware.rb:17:in `call'
actionpack (6.0.6) lib/action_dispatch/middleware/show_exceptions.rb:33:in `call'
railties (6.0.6) lib/rails/rack/logger.rb:37:in `call_app'
railties (6.0.6) lib/rails/rack/logger.rb:26:in `block in call'
activesupport (6.0.6) lib/active_support/tagged_logging.rb:80:in `block in tagged'
activesupport (6.0.6) lib/active_support/tagged_logging.rb:28:in `tagged'
activesupport (6.0.6) lib/active_support/tagged_logging.rb:80:in `tagged'
railties (6.0.6) lib/rails/rack/logger.rb:26:in `call'
sprockets-rails (3.4.2) lib/sprockets/rails/quiet_assets.rb:13:in `call'
actionpack (6.0.6) lib/action_dispatch/middleware/remote_ip.rb:81:in `call'
actionpack (6.0.6) lib/action_dispatch/middleware/request_id.rb:27:in `call'
rack (2.2.4) lib/rack/method_override.rb:24:in `call'
rack (2.2.4) lib/rack/runtime.rb:22:in `call'
activesupport (6.0.6) lib/active_support/cache/strategy/local_cache_middleware.rb:29:in `call'
actionpack (6.0.6) lib/action_dispatch/middleware/executor.rb:14:in `call'
actionpack (6.0.6) lib/action_dispatch/middleware/static.rb:126:in `call'
rack (2.2.4) lib/rack/sendfile.rb:110:in `call'
actionpack (6.0.6) lib/action_dispatch/middleware/host_authorization.rb:103:in `call'
webpacker (4.3.0) lib/webpacker/dev_server_proxy.rb:23:in `perform_request'
rack-proxy (0.7.4) lib/rack/proxy.rb:78:in `call'
railties (6.0.6) lib/rails/engine.rb:527:in `call'
puma (4.3.12) lib/puma/configuration.rb:228:in `call'
puma (4.3.12) lib/puma/server.rb:727:in `handle_request'
puma (4.3.12) lib/puma/server.rb:476:in `process_client'
puma (4.3.12) lib/puma/server.rb:332:in `block in run'
puma (4.3.12) lib/puma/thread_pool.rb:134:in `block in spawn_thread'
Started GET "/mrks" for ::1 at 2022-11-29 09:50:13 +0530
Processing by MrksController#index as HTML
  Rendering mrks/index.html.erb within layouts/application
  [1m[36mMrk Load (1.4ms)[0m  [1m[34mSELECT "mrks".* FROM "mrks"[0m
  ↳ app/views/mrks/index.html.erb:22
  Rendered mrks/index.html.erb within layouts/application (Duration: 7.8ms | Allocations: 1740)
[Webpacker] Everything's up-to-date. Nothing to do
Completed 200 OK in 32ms (Views: 16.0ms | ActiveRecord: 1.9ms | Allocations: 7362)


  [1m[35m (1.0ms)[0m  [1m[34mSELECT sqlite_version(*)[0m
  [1m[35m (0.2ms)[0m  [1m[34mSELECT "schema_migrations"."version" FROM "schema_migrations" ORDER BY "schema_migrations"."version" ASC[0m
Migrating to DeviseCreateAdminUsers (20221129044634)
  [1m[35m (0.1ms)[0m  [1m[36mbegin transaction[0m
  [1m[35m (0.4ms)[0m  [1m[35mCREATE TABLE "admin_users" ("id" integer PRIMARY KEY AUTOINCREMENT NOT NULL, "email" varchar DEFAULT '' NOT NULL, "encrypted_password" varchar DEFAULT '' NOT NULL, "reset_password_token" varchar, "reset_password_sent_at" datetime, "remember_created_at" datetime, "created_at" datetime(6) NOT NULL, "updated_at" datetime(6) NOT NULL)[0m
  [1m[35m (0.1ms)[0m  [1m[35mCREATE UNIQUE INDEX "index_admin_users_on_email" ON "admin_users" ("email")[0m
  [1m[35m (0.1ms)[0m  [1m[35mCREATE UNIQUE INDEX "index_admin_users_on_reset_password_token" ON "admin_users" ("reset_password_token")[0m
  [1m[36mActiveRecord::SchemaMigration Create (0.2ms)[0m  [1m[32mINSERT INTO "schema_migrations" ("version") VALUES (?)[0m  [["version", "20221129044634"]]
  [1m[35m (168.1ms)[0m  [1m[36mcommit transaction[0m
  [1m[36mActiveRecord::InternalMetadata Load (0.3ms)[0m  [1m[34mSELECT "ar_internal_metadata".* FROM "ar_internal_metadata" WHERE "ar_internal_metadata"."key" = ? LIMIT ?[0m  [["key", "environment"], ["LIMIT", 1]]
  [1m[35m (0.1ms)[0m  [1m[34mSELECT sqlite_version(*)[0m
  [1m[35m (0.2ms)[0m  [1m[34mSELECT "schema_migrations"."version" FROM "schema_migrations" ORDER BY "schema_migrations"."version" ASC[0m
Started GET "/admin_users/sign_up" for ::1 at 2022-11-29 10:18:07 +0530
  [1m[35m (0.6ms)[0m  [1m[34mSELECT sqlite_version(*)[0m
  [1m[35m (0.2ms)[0m  [1m[34mSELECT "schema_migrations"."version" FROM "schema_migrations" ORDER BY "schema_migrations"."version" ASC[0m
Processing by Devise::RegistrationsController#new as HTML
  Rendering /home/bhanushankar/.rvm/gems/ruby-2.6.5/gems/devise-4.8.1/app/views/devise/registrations/new.html.erb within layouts/application
  Rendered /home/bhanushankar/.rvm/gems/ruby-2.6.5/gems/devise-4.8.1/app/views/devise/shared/_error_messages.html.erb (Duration: 0.4ms | Allocations: 203)
  Rendered /home/bhanushankar/.rvm/gems/ruby-2.6.5/gems/devise-4.8.1/app/views/devise/shared/_links.html.erb (Duration: 1.5ms | Allocations: 531)
  Rendered /home/bhanushankar/.rvm/gems/ruby-2.6.5/gems/devise-4.8.1/app/views/devise/registrations/new.html.erb within layouts/application (Duration: 74.6ms | Allocations: 9544)
[Webpacker] Everything's up-to-date. Nothing to do
Completed 200 OK in 116ms (Views: 90.3ms | ActiveRecord: 1.0ms | Allocations: 25456)


Started GET "/admin_users/sign_up" for ::1 at 2022-11-29 10:19:10 +0530
Processing by Devise::RegistrationsController#new as HTML
  Rendering /home/bhanushankar/.rvm/gems/ruby-2.6.5/gems/devise-4.8.1/app/views/devise/registrations/new.html.erb within layouts/application
  Rendered /home/bhanushankar/.rvm/gems/ruby-2.6.5/gems/devise-4.8.1/app/views/devise/shared/_error_messages.html.erb (Duration: 3.2ms | Allocations: 193)
  Rendered /home/bhanushankar/.rvm/gems/ruby-2.6.5/gems/devise-4.8.1/app/views/devise/shared/_links.html.erb (Duration: 3.3ms | Allocations: 471)
  Rendered /home/bhanushankar/.rvm/gems/ruby-2.6.5/gems/devise-4.8.1/app/views/devise/registrations/new.html.erb within layouts/application (Duration: 29.5ms | Allocations: 2696)
[Webpacker] Everything's up-to-date. Nothing to do
Completed 500 Internal Server Error in 576ms (ActiveRecord: 0.0ms | Allocations: 203102)


  
ActionView::Template::Error (undefined method `user_signed_in?' for #<#<Class:0x00007f6d58023268>:0x00007f6d580218f0>):
    12:   <body>
    13: 
    14: <p class="navbar-text float-right">
    15: <% if user_signed_in? %>
    16:   Logged in as <strong><%= current_user.email %></strong>.
    17:   <%= link_to 'Edit profile', edit_user_registration_path, :class => 'navbar-link' %> |
    18:   <%= link_to "Logout", destroy_user_session_path, method: :delete, :class => 'navbar-link'  %>
  
app/views/layouts/application.html.erb:15
Started GET "/admin_users/sign_up" for ::1 at 2022-11-29 10:20:09 +0530
Processing by Devise::RegistrationsController#new as HTML
  Rendering /home/bhanushankar/.rvm/gems/ruby-2.6.5/gems/devise-4.8.1/app/views/devise/registrations/new.html.erb within layouts/application
  Rendered /home/bhanushankar/.rvm/gems/ruby-2.6.5/gems/devise-4.8.1/app/views/devise/shared/_error_messages.html.erb (Duration: 1.0ms | Allocations: 194)
  Rendered /home/bhanushankar/.rvm/gems/ruby-2.6.5/gems/devise-4.8.1/app/views/devise/shared/_links.html.erb (Duration: 2.3ms | Allocations: 472)
  Rendered /home/bhanushankar/.rvm/gems/ruby-2.6.5/gems/devise-4.8.1/app/views/devise/registrations/new.html.erb within layouts/application (Duration: 11.5ms | Allocations: 2722)
[Webpacker] Everything's up-to-date. Nothing to do
Completed 500 Internal Server Error in 542ms (ActiveRecord: 0.0ms | Allocations: 198213)


  
ActionView::Template::Error (undefined method `user_signed_in?' for #<#<Class:0x00007f6d5a1745e8>:0x00007f6d59fcaaf8>):
    12:   <body>
    13: 
    14: <p class="navbar-text float-right">
    15: <% if user_signed_in? %>
    16:   Logged in as <strong><%= current_admin_user.email %></strong>.
    17:   <%= link_to 'Edit profile', edit_admin_user_registration_path, :class => 'navbar-link' %> |
    18:   <%= link_to "Logout", destroy_admin_user_session_path, method: :delete, :class => 'navbar-link'  %>
  
app/views/layouts/application.html.erb:15
Started GET "/admin_users/sign_up" for ::1 at 2022-11-29 10:20:12 +0530
Processing by Devise::RegistrationsController#new as HTML
  Rendering /home/bhanushankar/.rvm/gems/ruby-2.6.5/gems/devise-4.8.1/app/views/devise/registrations/new.html.erb within layouts/application
  Rendered /home/bhanushankar/.rvm/gems/ruby-2.6.5/gems/devise-4.8.1/app/views/devise/shared/_error_messages.html.erb (Duration: 0.1ms | Allocations: 15)
  Rendered /home/bhanushankar/.rvm/gems/ruby-2.6.5/gems/devise-4.8.1/app/views/devise/shared/_links.html.erb (Duration: 0.2ms | Allocations: 88)
  Rendered /home/bhanushankar/.rvm/gems/ruby-2.6.5/gems/devise-4.8.1/app/views/devise/registrations/new.html.erb within layouts/application (Duration: 5.4ms | Allocations: 1349)
[Webpacker] Everything's up-to-date. Nothing to do
Completed 500 Internal Server Error in 446ms (ActiveRecord: 0.0ms | Allocations: 195073)


  
ActionView::Template::Error (undefined method `user_signed_in?' for #<#<Class:0x00007f6d5a1745e8>:0x00007f6d5075b768>):
    12:   <body>
    13: 
    14: <p class="navbar-text float-right">
    15: <% if user_signed_in? %>
    16:   Logged in as <strong><%= current_admin_user.email %></strong>.
    17:   <%= link_to 'Edit profile', edit_admin_user_registration_path, :class => 'navbar-link' %> |
    18:   <%= link_to "Logout", destroy_admin_user_session_path, method: :delete, :class => 'navbar-link'  %>
  
app/views/layouts/application.html.erb:15
Started GET "/admin_users/sign_up" for ::1 at 2022-11-29 10:20:25 +0530
Processing by Devise::RegistrationsController#new as HTML
  Rendering /home/bhanushankar/.rvm/gems/ruby-2.6.5/gems/devise-4.8.1/app/views/devise/registrations/new.html.erb within layouts/application
  Rendered /home/bhanushankar/.rvm/gems/ruby-2.6.5/gems/devise-4.8.1/app/views/devise/shared/_error_messages.html.erb (Duration: 1.1ms | Allocations: 193)
  Rendered /home/bhanushankar/.rvm/gems/ruby-2.6.5/gems/devise-4.8.1/app/views/devise/shared/_links.html.erb (Duration: 1.5ms | Allocations: 471)
  Rendered /home/bhanushankar/.rvm/gems/ruby-2.6.5/gems/devise-4.8.1/app/views/devise/registrations/new.html.erb within layouts/application (Duration: 12.4ms | Allocations: 2699)
[Webpacker] Everything's up-to-date. Nothing to do
Completed 200 OK in 46ms (Views: 44.4ms | ActiveRecord: 0.0ms | Allocations: 8438)


Started POST "/admin_users" for ::1 at 2022-11-29 10:21:02 +0530
Processing by Devise::RegistrationsController#create as HTML
  Parameters: {"authenticity_token"=>"TQzAzeJWppWytTB4sk6nGfBTWe6BbqAnoXkPGqMTNUqOLwikXWs+MvqIuKj9DkMTYqCRt5s3oP6wW09TojmXHw==", "admin_user"=>{"email"=>"t.bhanushankar@gmail.com", "password"=>"[FILTERED]", "password_confirmation"=>"[FILTERED]"}, "commit"=>"Sign up"}
  [1m[35m (0.1ms)[0m  [1m[36mbegin transaction[0m
  [1m[36mAdminUser Exists? (0.2ms)[0m  [1m[34mSELECT 1 AS one FROM "admin_users" WHERE "admin_users"."email" = ? LIMIT ?[0m  [["email", "t.bhanushankar@gmail.com"], ["LIMIT", 1]]
  [1m[36mAdminUser Create (0.4ms)[0m  [1m[32mINSERT INTO "admin_users" ("email", "encrypted_password", "created_at", "updated_at") VALUES (?, ?, ?, ?)[0m  [["email", "t.bhanushankar@gmail.com"], ["encrypted_password", "$2a$12$4JCtGReKFQWJADR2K/agce8LI.H8pl31Q4Wcc.NYNnzG9oq/LtIUe"], ["created_at", "2022-11-29 04:51:03.226216"], ["updated_at", "2022-11-29 04:51:03.226216"]]
  [1m[35m (157.1ms)[0m  [1m[36mcommit transaction[0m
Redirected to http://localhost:3000/
Completed 302 Found in 459ms (ActiveRecord: 157.7ms | Allocations: 12740)


Started GET "/" for ::1 at 2022-11-29 10:21:03 +0530
Processing by Rails::WelcomeController#index as HTML
  Rendering /home/bhanushankar/.rvm/gems/ruby-2.6.5/gems/railties-6.0.6/lib/rails/templates/rails/welcome/index.html.erb
  Rendered /home/bhanushankar/.rvm/gems/ruby-2.6.5/gems/railties-6.0.6/lib/rails/templates/rails/welcome/index.html.erb (Duration: 8.8ms | Allocations: 192)
Completed 200 OK in 11ms (Views: 9.9ms | ActiveRecord: 0.0ms | Allocations: 1132)


Started GET "/schols" for ::1 at 2022-11-29 10:21:22 +0530
Processing by ScholsController#index as HTML
  Rendering schols/index.html.erb within layouts/application
  [1m[36mSchol Load (0.4ms)[0m  [1m[34mSELECT "schols".* FROM "schols"[0m
  ↳ app/views/schols/index.html.erb:18
  Rendered schols/index.html.erb within layouts/application (Duration: 10.3ms | Allocations: 1500)
[Webpacker] Everything's up-to-date. Nothing to do
  [1m[36mAdminUser Load (0.2ms)[0m  [1m[34mSELECT "admin_users".* FROM "admin_users" WHERE "admin_users"."id" = ? ORDER BY "admin_users"."id" ASC LIMIT ?[0m  [["id", 1], ["LIMIT", 1]]
  ↳ app/views/layouts/application.html.erb:15
Completed 200 OK in 31ms (Views: 23.4ms | ActiveRecord: 1.0ms | Allocations: 8365)


Started GET "/schols" for ::1 at 2022-11-29 10:22:21 +0530
Processing by ScholsController#index as HTML
  Rendering schols/index.html.erb within layouts/application
  [1m[36mSchol Load (0.2ms)[0m  [1m[34mSELECT "schols".* FROM "schols"[0m
  ↳ app/views/schols/index.html.erb:18
  Rendered schols/index.html.erb within layouts/application (Duration: 5.5ms | Allocations: 682)
[Webpacker] Everything's up-to-date. Nothing to do
  [1m[36mAdminUser Load (0.2ms)[0m  [1m[34mSELECT "admin_users".* FROM "admin_users" WHERE "admin_users"."id" = ? ORDER BY "admin_users"."id" ASC LIMIT ?[0m  [["id", 1], ["LIMIT", 1]]
  ↳ app/views/layouts/application.html.erb:15
Completed 200 OK in 32ms (Views: 28.9ms | ActiveRecord: 0.5ms | Allocations: 5487)


Started DELETE "/admin_users/sign_out" for ::1 at 2022-11-29 12:43:37 +0530
  [1m[35m (2.1ms)[0m  [1m[34mSELECT sqlite_version(*)[0m
  [1m[35m (0.9ms)[0m  [1m[34mSELECT "schema_migrations"."version" FROM "schema_migrations" ORDER BY "schema_migrations"."version" ASC[0m
Processing by Devise::SessionsController#destroy as HTML
  Parameters: {"authenticity_token"=>"cyoOLSTN7TcQ0LayjkgbAW+K0CA96oL/cHIxP4qAplawCcZEm/B1kFjtPmLBCP8L/XkYeSezgiZhUHF2i6oEAw=="}
  [1m[36mAdminUser Load (0.5ms)[0m  [1m[34mSELECT "admin_users".* FROM "admin_users" WHERE "admin_users"."id" = ? ORDER BY "admin_users"."id" ASC LIMIT ?[0m  [["id", 1], ["LIMIT", 1]]
Redirected to http://localhost:3000/
Completed 302 Found in 198ms (ActiveRecord: 2.3ms | Allocations: 12668)


Started GET "/" for ::1 at 2022-11-29 12:43:38 +0530
Processing by Rails::WelcomeController#index as HTML
  Rendering /home/bhanushankar/.rvm/gems/ruby-2.6.5/gems/railties-6.0.6/lib/rails/templates/rails/welcome/index.html.erb
  Rendered /home/bhanushankar/.rvm/gems/ruby-2.6.5/gems/railties-6.0.6/lib/rails/templates/rails/welcome/index.html.erb (Duration: 70.4ms | Allocations: 308)
Completed 200 OK in 112ms (Views: 81.0ms | ActiveRecord: 0.0ms | Allocations: 1974)


Started GET "/schols" for ::1 at 2022-11-29 12:43:55 +0530
Processing by ScholsController#index as HTML
  Rendering schols/index.html.erb within layouts/application
  [1m[36mSchol Load (0.7ms)[0m  [1m[34mSELECT "schols".* FROM "schols"[0m
  ↳ app/views/schols/index.html.erb:18
  Rendered schols/index.html.erb within layouts/application (Duration: 43.3ms | Allocations: 1498)
[Webpacker] Everything's up-to-date. Nothing to do
Completed 200 OK in 346ms (Views: 285.3ms | ActiveRecord: 2.6ms | Allocations: 9881)


Started GET "/admin_users/sign_in" for ::1 at 2022-11-29 12:43:59 +0530
Processing by Devise::SessionsController#new as HTML
  Rendering /home/bhanushankar/.rvm/gems/ruby-2.6.5/gems/devise-4.8.1/app/views/devise/sessions/new.html.erb within layouts/application
  Rendered /home/bhanushankar/.rvm/gems/ruby-2.6.5/gems/devise-4.8.1/app/views/devise/shared/_links.html.erb (Duration: 17.6ms | Allocations: 631)
  Rendered /home/bhanushankar/.rvm/gems/ruby-2.6.5/gems/devise-4.8.1/app/views/devise/sessions/new.html.erb within layouts/application (Duration: 96.7ms | Allocations: 3860)
[Webpacker] Everything's up-to-date. Nothing to do
Completed 200 OK in 180ms (Views: 157.8ms | ActiveRecord: 0.0ms | Allocations: 9291)


Started POST "/admin_users/sign_in" for ::1 at 2022-11-29 12:44:08 +0530
Processing by Devise::SessionsController#create as HTML
  Parameters: {"authenticity_token"=>"l3mj5T/CBn7aL72g6hIJSs961Tb8axu16DXniepaC00XkH5qVdAUVkiYu607U1/aBG2L740kxnCHVrh2Q9rDSg==", "admin_user"=>{"email"=>"t.bhanushankar@gmail.com", "password"=>"[FILTERED]", "remember_me"=>"0"}, "commit"=>"Log in"}
  [1m[36mAdminUser Load (1.3ms)[0m  [1m[34mSELECT "admin_users".* FROM "admin_users" WHERE "admin_users"."email" = ? ORDER BY "admin_users"."id" ASC LIMIT ?[0m  [["email", "t.bhanushankar@gmail.com"], ["LIMIT", 1]]
Redirected to http://localhost:3000/
Completed 302 Found in 537ms (ActiveRecord: 1.3ms | Allocations: 9578)


Started GET "/" for ::1 at 2022-11-29 12:44:08 +0530
Processing by Rails::WelcomeController#index as HTML
  Rendering /home/bhanushankar/.rvm/gems/ruby-2.6.5/gems/railties-6.0.6/lib/rails/templates/rails/welcome/index.html.erb
  Rendered /home/bhanushankar/.rvm/gems/ruby-2.6.5/gems/railties-6.0.6/lib/rails/templates/rails/welcome/index.html.erb (Duration: 5.6ms | Allocations: 185)
Completed 200 OK in 7ms (Views: 6.3ms | ActiveRecord: 0.0ms | Allocations: 1036)


Started GET "/admin_users" for ::1 at 2022-11-29 12:54:18 +0530
  [1m[35m (0.2ms)[0m  [1m[34mSELECT sqlite_version(*)[0m
  
ActionController::RoutingError (No route matches [GET] "/admin_users"):
  
actionpack (6.0.6) lib/action_dispatch/middleware/debug_exceptions.rb:36:in `call'
web-console (4.2.0) lib/web_console/middleware.rb:132:in `call_app'
web-console (4.2.0) lib/web_console/middleware.rb:28:in `block in call'
web-console (4.2.0) lib/web_console/middleware.rb:17:in `catch'
web-console (4.2.0) lib/web_console/middleware.rb:17:in `call'
actionpack (6.0.6) lib/action_dispatch/middleware/show_exceptions.rb:33:in `call'
railties (6.0.6) lib/rails/rack/logger.rb:37:in `call_app'
railties (6.0.6) lib/rails/rack/logger.rb:26:in `block in call'
activesupport (6.0.6) lib/active_support/tagged_logging.rb:80:in `block in tagged'
activesupport (6.0.6) lib/active_support/tagged_logging.rb:28:in `tagged'
activesupport (6.0.6) lib/active_support/tagged_logging.rb:80:in `tagged'
railties (6.0.6) lib/rails/rack/logger.rb:26:in `call'
sprockets-rails (3.4.2) lib/sprockets/rails/quiet_assets.rb:13:in `call'
actionpack (6.0.6) lib/action_dispatch/middleware/remote_ip.rb:81:in `call'
actionpack (6.0.6) lib/action_dispatch/middleware/request_id.rb:27:in `call'
rack (2.2.4) lib/rack/method_override.rb:24:in `call'
rack (2.2.4) lib/rack/runtime.rb:22:in `call'
activesupport (6.0.6) lib/active_support/cache/strategy/local_cache_middleware.rb:29:in `call'
actionpack (6.0.6) lib/action_dispatch/middleware/executor.rb:14:in `call'
actionpack (6.0.6) lib/action_dispatch/middleware/static.rb:126:in `call'
rack (2.2.4) lib/rack/sendfile.rb:110:in `call'
actionpack (6.0.6) lib/action_dispatch/middleware/host_authorization.rb:103:in `call'
webpacker (4.3.0) lib/webpacker/dev_server_proxy.rb:23:in `perform_request'
rack-proxy (0.7.4) lib/rack/proxy.rb:78:in `call'
railties (6.0.6) lib/rails/engine.rb:527:in `call'
puma (4.3.12) lib/puma/configuration.rb:228:in `call'
puma (4.3.12) lib/puma/server.rb:727:in `handle_request'
puma (4.3.12) lib/puma/server.rb:476:in `process_client'
puma (4.3.12) lib/puma/server.rb:332:in `block in run'
puma (4.3.12) lib/puma/thread_pool.rb:134:in `block in spawn_thread'
Started GET "/admin_users/sign_up" for ::1 at 2022-11-29 12:54:41 +0530
Processing by Devise::RegistrationsController#new as HTML
  [1m[36mAdminUser Load (0.6ms)[0m  [1m[34mSELECT "admin_users".* FROM "admin_users" WHERE "admin_users"."id" = ? ORDER BY "admin_users"."id" ASC LIMIT ?[0m  [["id", 1], ["LIMIT", 1]]
Redirected to http://localhost:3000/
Filter chain halted as :require_no_authentication rendered or redirected
Completed 302 Found in 11ms (ActiveRecord: 0.6ms | Allocations: 2175)


Started GET "/" for ::1 at 2022-11-29 12:54:41 +0530
Processing by Rails::WelcomeController#index as HTML
  Rendering /home/bhanushankar/.rvm/gems/ruby-2.6.5/gems/railties-6.0.6/lib/rails/templates/rails/welcome/index.html.erb
  Rendered /home/bhanushankar/.rvm/gems/ruby-2.6.5/gems/railties-6.0.6/lib/rails/templates/rails/welcome/index.html.erb (Duration: 0.4ms | Allocations: 7)
Completed 200 OK in 2ms (Views: 1.0ms | ActiveRecord: 0.0ms | Allocations: 567)


Started GET "/admin_users/sign_in" for ::1 at 2022-11-29 12:55:11 +0530
Processing by Devise::SessionsController#new as HTML
  [1m[36mAdminUser Load (0.2ms)[0m  [1m[34mSELECT "admin_users".* FROM "admin_users" WHERE "admin_users"."id" = ? ORDER BY "admin_users"."id" ASC LIMIT ?[0m  [["id", 1], ["LIMIT", 1]]
Redirected to http://localhost:3000/
Filter chain halted as :require_no_authentication rendered or redirected
Completed 302 Found in 5ms (ActiveRecord: 0.2ms | Allocations: 1971)


Started GET "/" for ::1 at 2022-11-29 12:55:11 +0530
Processing by Rails::WelcomeController#index as HTML
  Rendering /home/bhanushankar/.rvm/gems/ruby-2.6.5/gems/railties-6.0.6/lib/rails/templates/rails/welcome/index.html.erb
  Rendered /home/bhanushankar/.rvm/gems/ruby-2.6.5/gems/railties-6.0.6/lib/rails/templates/rails/welcome/index.html.erb (Duration: 0.2ms | Allocations: 7)
Completed 200 OK in 3ms (Views: 1.4ms | ActiveRecord: 0.0ms | Allocations: 572)


Started GET "/" for ::1 at 2022-11-29 12:55:14 +0530
Processing by Rails::WelcomeController#index as HTML
  Rendering /home/bhanushankar/.rvm/gems/ruby-2.6.5/gems/railties-6.0.6/lib/rails/templates/rails/welcome/index.html.erb
  Rendered /home/bhanushankar/.rvm/gems/ruby-2.6.5/gems/railties-6.0.6/lib/rails/templates/rails/welcome/index.html.erb (Duration: 2.2ms | Allocations: 7)
Completed 200 OK in 11ms (Views: 6.4ms | ActiveRecord: 0.0ms | Allocations: 564)


Started GET "/admin_users/sign_in" for ::1 at 2022-11-29 12:56:05 +0530
  [1m[35m (0.1ms)[0m  [1m[34mSELECT sqlite_version(*)[0m
Processing by Devise::SessionsController#new as HTML
  [1m[36mAdminUser Load (0.4ms)[0m  [1m[34mSELECT "admin_users".* FROM "admin_users" WHERE "admin_users"."id" = ? ORDER BY "admin_users"."id" ASC LIMIT ?[0m  [["id", 1], ["LIMIT", 1]]
Redirected to http://localhost:3000/
Filter chain halted as :require_no_authentication rendered or redirected
Completed 302 Found in 26ms (ActiveRecord: 2.1ms | Allocations: 7881)


Started GET "/" for ::1 at 2022-11-29 12:56:05 +0530
Processing by Rails::WelcomeController#index as HTML
  Rendering /home/bhanushankar/.rvm/gems/ruby-2.6.5/gems/railties-6.0.6/lib/rails/templates/rails/welcome/index.html.erb
  Rendered /home/bhanushankar/.rvm/gems/ruby-2.6.5/gems/railties-6.0.6/lib/rails/templates/rails/welcome/index.html.erb (Duration: 0.4ms | Allocations: 7)
Completed 200 OK in 2ms (Views: 0.9ms | ActiveRecord: 0.0ms | Allocations: 568)


Started GET "/admin_users/sign_in" for ::1 at 2022-11-29 12:56:05 +0530
Processing by Devise::SessionsController#new as HTML
  [1m[36mAdminUser Load (0.2ms)[0m  [1m[34mSELECT "admin_users".* FROM "admin_users" WHERE "admin_users"."id" = ? ORDER BY "admin_users"."id" ASC LIMIT ?[0m  [["id", 1], ["LIMIT", 1]]
Redirected to http://localhost:3000/
Filter chain halted as :require_no_authentication rendered or redirected
Completed 302 Found in 4ms (ActiveRecord: 0.2ms | Allocations: 1965)


Started GET "/" for ::1 at 2022-11-29 12:56:05 +0530
Processing by Rails::WelcomeController#index as HTML
  Rendering /home/bhanushankar/.rvm/gems/ruby-2.6.5/gems/railties-6.0.6/lib/rails/templates/rails/welcome/index.html.erb
  Rendered /home/bhanushankar/.rvm/gems/ruby-2.6.5/gems/railties-6.0.6/lib/rails/templates/rails/welcome/index.html.erb (Duration: 0.4ms | Allocations: 7)
Completed 200 OK in 2ms (Views: 0.9ms | ActiveRecord: 0.0ms | Allocations: 556)


Started GET "/schols" for ::1 at 2022-11-29 12:56:17 +0530
Processing by ScholsController#index as HTML
  Rendering schols/index.html.erb within layouts/application
  [1m[36mSchol Load (0.6ms)[0m  [1m[34mSELECT "schols".* FROM "schols"[0m
  ↳ app/views/schols/index.html.erb:18
  Rendered schols/index.html.erb within layouts/application (Duration: 8.8ms | Allocations: 1169)
[Webpacker] Everything's up-to-date. Nothing to do
  [1m[36mAdminUser Load (0.3ms)[0m  [1m[34mSELECT "admin_users".* FROM "admin_users" WHERE "admin_users"."id" = ? ORDER BY "admin_users"."id" ASC LIMIT ?[0m  [["id", 1], ["LIMIT", 1]]
  ↳ app/views/layouts/application.html.erb:15
Completed 200 OK in 39ms (Views: 30.3ms | ActiveRecord: 1.8ms | Allocations: 6392)


Started DELETE "/admin_users/sign_out" for ::1 at 2022-11-29 12:56:23 +0530
Processing by Devise::SessionsController#destroy as HTML
  Parameters: {"authenticity_token"=>"PCJB7R6r4E8/A5WbbBeJ+vO5LbbKidhIhuTUrruwXCa21+gEMKsy1NCJz1YV/DTBHJAD20OpDbqMXO2N/5QG4A=="}
  [1m[36mAdminUser Load (0.7ms)[0m  [1m[34mSELECT "admin_users".* FROM "admin_users" WHERE "admin_users"."id" = ? ORDER BY "admin_users"."id" ASC LIMIT ?[0m  [["id", 1], ["LIMIT", 1]]
Redirected to http://localhost:3000/
Completed 302 Found in 36ms (ActiveRecord: 0.7ms | Allocations: 2364)


Started GET "/" for ::1 at 2022-11-29 12:56:23 +0530
Processing by Rails::WelcomeController#index as HTML
  Rendering /home/bhanushankar/.rvm/gems/ruby-2.6.5/gems/railties-6.0.6/lib/rails/templates/rails/welcome/index.html.erb
  Rendered /home/bhanushankar/.rvm/gems/ruby-2.6.5/gems/railties-6.0.6/lib/rails/templates/rails/welcome/index.html.erb (Duration: 0.9ms | Allocations: 7)
Completed 200 OK in 4ms (Views: 2.1ms | ActiveRecord: 0.0ms | Allocations: 549)


Started GET "/schols/new" for ::1 at 2022-11-29 12:56:27 +0530
Processing by ScholsController#new as HTML
  Rendering schols/new.html.erb within layouts/application
  Rendered schols/_form.html.erb (Duration: 45.8ms | Allocations: 2442)
  Rendered schols/new.html.erb within layouts/application (Duration: 113.9ms | Allocations: 2805)
[Webpacker] Everything's up-to-date. Nothing to do
Completed 200 OK in 210ms (Views: 142.6ms | ActiveRecord: 1.4ms | Allocations: 11860)


Started GET "/schols" for ::1 at 2022-11-29 12:56:33 +0530
Processing by ScholsController#index as HTML
  Rendering schols/index.html.erb within layouts/application
  [1m[36mSchol Load (0.5ms)[0m  [1m[34mSELECT "schols".* FROM "schols"[0m
  ↳ app/views/schols/index.html.erb:18
  Rendered schols/index.html.erb within layouts/application (Duration: 8.7ms | Allocations: 671)
[Webpacker] Everything's up-to-date. Nothing to do
Completed 200 OK in 49ms (Views: 45.0ms | ActiveRecord: 0.5ms | Allocations: 4566)


Started GET "/admin_users/sign_up" for ::1 at 2022-11-29 12:56:36 +0530
Processing by Devise::RegistrationsController#new as HTML
  Rendering /home/bhanushankar/.rvm/gems/ruby-2.6.5/gems/devise-4.8.1/app/views/devise/registrations/new.html.erb within layouts/application
  Rendered /home/bhanushankar/.rvm/gems/ruby-2.6.5/gems/devise-4.8.1/app/views/devise/shared/_error_messages.html.erb (Duration: 1.5ms | Allocations: 200)
  Rendered /home/bhanushankar/.rvm/gems/ruby-2.6.5/gems/devise-4.8.1/app/views/devise/shared/_links.html.erb (Duration: 0.5ms | Allocations: 133)
  Rendered /home/bhanushankar/.rvm/gems/ruby-2.6.5/gems/devise-4.8.1/app/views/devise/registrations/new.html.erb within layouts/application (Duration: 11.2ms | Allocations: 2292)
[Webpacker] Everything's up-to-date. Nothing to do
Completed 200 OK in 45ms (Views: 43.1ms | ActiveRecord: 0.0ms | Allocations: 7122)


Started GET "/admin_users/sign_in" for ::1 at 2022-11-29 12:56:43 +0530
Processing by Devise::SessionsController#new as HTML
  Rendering /home/bhanushankar/.rvm/gems/ruby-2.6.5/gems/devise-4.8.1/app/views/devise/sessions/new.html.erb within layouts/application
  Rendered /home/bhanushankar/.rvm/gems/ruby-2.6.5/gems/devise-4.8.1/app/views/devise/shared/_links.html.erb (Duration: 2.5ms | Allocations: 165)
  Rendered /home/bhanushankar/.rvm/gems/ruby-2.6.5/gems/devise-4.8.1/app/views/devise/sessions/new.html.erb within layouts/application (Duration: 13.4ms | Allocations: 1392)
[Webpacker] Everything's up-to-date. Nothing to do
Completed 200 OK in 52ms (Views: 47.0ms | ActiveRecord: 0.0ms | Allocations: 5660)


Started POST "/admin_users/sign_in" for ::1 at 2022-11-29 12:56:50 +0530
Processing by Devise::SessionsController#create as HTML
  Parameters: {"authenticity_token"=>"LHAIZ6OddugVZUnNC288pt44xjkjXMWumNhy6EWtRkpGamKfREMLGeJ/TrlBbR86r+WwStzTotcStc3PqD05rg==", "admin_user"=>{"email"=>"t.bhanushankar@gmail.com", "password"=>"[FILTERED]", "remember_me"=>"0"}, "commit"=>"Log in"}
  [1m[36mAdminUser Load (1.0ms)[0m  [1m[34mSELECT "admin_users".* FROM "admin_users" WHERE "admin_users"."email" = ? ORDER BY "admin_users"."id" ASC LIMIT ?[0m  [["email", "t.bhanushankar@gmail.com"], ["LIMIT", 1]]
Redirected to http://localhost:3000/
Completed 302 Found in 317ms (ActiveRecord: 1.0ms | Allocations: 2943)


Started GET "/" for ::1 at 2022-11-29 12:56:50 +0530
Processing by Rails::WelcomeController#index as HTML
  Rendering /home/bhanushankar/.rvm/gems/ruby-2.6.5/gems/railties-6.0.6/lib/rails/templates/rails/welcome/index.html.erb
  Rendered /home/bhanushankar/.rvm/gems/ruby-2.6.5/gems/railties-6.0.6/lib/rails/templates/rails/welcome/index.html.erb (Duration: 0.4ms | Allocations: 7)
Completed 200 OK in 2ms (Views: 0.9ms | ActiveRecord: 0.0ms | Allocations: 547)


Started POST "/admin_users/sign_in" for ::1 at 2022-11-29 12:57:23 +0530
  [1m[35m (0.1ms)[0m  [1m[34mSELECT sqlite_version(*)[0m
Processing by Devise::SessionsController#create as HTML
  Parameters: {"authenticity_token"=>"LHAIZ6OddugVZUnNC288pt44xjkjXMWumNhy6EWtRkpGamKfREMLGeJ/TrlBbR86r+WwStzTotcStc3PqD05rg==", "admin_user"=>{"email"=>"t.bhanushankar@gmail.com", "password"=>"[FILTERED]", "remember_me"=>"0"}, "commit"=>"Log in"}
  [1m[36mAdminUser Load (0.1ms)[0m  [1m[34mSELECT "admin_users".* FROM "admin_users" WHERE "admin_users"."id" = ? ORDER BY "admin_users"."id" ASC LIMIT ?[0m  [["id", 1], ["LIMIT", 1]]
Completed 500 Internal Server Error in 15ms (ActiveRecord: 0.7ms | Allocations: 8119)


  
ActionController::UrlGenerationError (No route matches {:action=>"show", :controller=>"schols"}, missing required keys: [:id]):
  
app/controllers/application_controller.rb:3:in `after_sign_in_path_for'
